2026-01-27 15:23:21,917 - INFO - Success: address -> D:\MVP-SQL\output\bird\address\address.pkl
2026-01-27 15:23:24,635 - INFO - Success: airline -> D:\MVP-SQL\output\bird\airline\airline.pkl
2026-01-27 15:23:25,146 - INFO - Success: app_store -> D:\MVP-SQL\output\bird\app_store\app_store.pkl
2026-01-27 15:23:26,691 - INFO - Success: authors -> D:\MVP-SQL\output\bird\authors\authors.pkl
2026-01-27 15:23:26,940 - INFO - Success: beer_factory -> D:\MVP-SQL\output\bird\beer_factory\beer_factory.pkl
2026-01-27 15:23:42,885 - INFO - Success: bike_share_1 -> D:\MVP-SQL\output\bird\bike_share_1\bike_share_1.pkl
2026-01-27 15:23:48,215 - INFO - Success: books -> D:\MVP-SQL\output\bird\books\books.pkl
2026-01-27 15:23:48,273 - INFO - Success: book_publishing_company -> D:\MVP-SQL\output\bird\book_publishing_company\book_publishing_company.pkl
2026-01-27 15:23:48,284 - INFO - Success: cars -> D:\MVP-SQL\output\bird\cars\cars.pkl
2026-01-27 15:23:48,332 - INFO - Success: car_retails -> D:\MVP-SQL\output\bird\car_retails\car_retails.pkl
2026-01-27 15:23:49,538 - INFO - Success: chicago_crime -> D:\MVP-SQL\output\bird\chicago_crime\chicago_crime.pkl
2026-01-27 15:23:49,782 - INFO - Success: citeseer -> D:\MVP-SQL\output\bird\citeseer\citeseer.pkl
2026-01-27 15:23:56,648 - INFO - Success: codebase_comments -> D:\MVP-SQL\output\bird\codebase_comments\codebase_comments.pkl
2026-01-27 15:24:04,999 - INFO - Success: coinmarketcap -> D:\MVP-SQL\output\bird\coinmarketcap\coinmarketcap.pkl
2026-01-27 15:24:07,451 - INFO - Success: college_completion -> D:\MVP-SQL\output\bird\college_completion\college_completion.pkl
2026-01-27 15:24:07,460 - INFO - Success: computer_student -> D:\MVP-SQL\output\bird\computer_student\computer_student.pkl
2026-01-27 15:24:07,528 - INFO - Success: cookbook -> D:\MVP-SQL\output\bird\cookbook\cookbook.pkl
2026-01-27 15:24:07,545 - INFO - Success: craftbeer -> D:\MVP-SQL\output\bird\craftbeer\craftbeer.pkl
2026-01-27 15:24:07,555 - INFO - Success: cs_semester -> D:\MVP-SQL\output\bird\cs_semester\cs_semester.pkl
2026-01-27 15:24:07,568 - INFO - Success: disney -> D:\MVP-SQL\output\bird\disney\disney.pkl
2026-01-27 15:25:04,832 - INFO - Success: donor -> D:\MVP-SQL\output\bird\donor\donor.pkl
2026-01-27 15:25:06,501 - INFO - Success: european_football_1 -> D:\MVP-SQL\output\bird\european_football_1\european_football_1.pkl
2026-01-27 15:25:07,518 - INFO - Success: food_inspection -> D:\MVP-SQL\output\bird\food_inspection\food_inspection.pkl
2026-01-27 15:25:10,627 - INFO - Success: food_inspection_2 -> D:\MVP-SQL\output\bird\food_inspection_2\food_inspection_2.pkl
2026-01-27 15:25:10,679 - INFO - Success: genes -> D:\MVP-SQL\output\bird\genes\genes.pkl
2026-01-27 15:25:12,213 - INFO - Success: hockey -> D:\MVP-SQL\output\bird\hockey\hockey.pkl
2026-01-27 15:25:12,221 - INFO - Success: human_resources -> D:\MVP-SQL\output\bird\human_resources\human_resources.pkl
2026-01-27 15:25:13,021 - INFO - Success: ice_hockey_draft -> D:\MVP-SQL\output\bird\ice_hockey_draft\ice_hockey_draft.pkl
2026-01-27 15:25:15,340 - INFO - Success: image_and_language -> D:\MVP-SQL\output\bird\image_and_language\image_and_language.pkl
2026-01-27 15:25:27,961 - INFO - Success: language_corpus -> D:\MVP-SQL\output\bird\language_corpus\language_corpus.pkl
2026-01-27 15:25:27,996 - INFO - Success: law_episode -> D:\MVP-SQL\output\bird\law_episode\law_episode.pkl
2026-01-27 15:25:28,414 - INFO - Success: legislator -> D:\MVP-SQL\output\bird\legislator\legislator.pkl
2026-01-27 15:25:28,772 - INFO - Success: mental_health_survey -> D:\MVP-SQL\output\bird\mental_health_survey\mental_health_survey.pkl
2026-01-27 15:25:33,550 - INFO - Success: menu -> D:\MVP-SQL\output\bird\menu\menu.pkl
2026-01-27 15:25:33,677 - INFO - Success: mondial_geo -> D:\MVP-SQL\output\bird\mondial_geo\mondial_geo.pkl
2026-01-27 15:25:33,802 - INFO - Success: movie -> D:\MVP-SQL\output\bird\movie\movie.pkl
2026-01-27 15:25:35,177 - INFO - Success: movielens -> D:\MVP-SQL\output\bird\movielens\movielens.pkl
2026-01-27 15:25:36,253 - INFO - Success: movies_4 -> D:\MVP-SQL\output\bird\movies_4\movies_4.pkl
2026-01-27 15:26:07,663 - INFO - Success: movie_3 -> D:\MVP-SQL\output\bird\movie_3\movie_3.pkl
2026-01-27 15:26:38,606 - INFO - Success: movie_platform -> D:\MVP-SQL\output\bird\movie_platform\movie_platform.pkl
2026-01-27 15:26:42,657 - INFO - Success: music_platform_2 -> D:\MVP-SQL\output\bird\music_platform_2\music_platform_2.pkl
2026-01-27 15:26:43,392 - INFO - Success: music_tracker -> D:\MVP-SQL\output\bird\music_tracker\music_tracker.pkl
2026-01-27 15:26:44,550 - INFO - Success: olympics -> D:\MVP-SQL\output\bird\olympics\olympics.pkl
2026-01-27 15:26:47,302 - INFO - Success: professional_basketball -> D:\MVP-SQL\output\bird\professional_basketball\professional_basketball.pkl
2026-01-27 15:26:51,321 - INFO - Success: public_review_platform -> D:\MVP-SQL\output\bird\public_review_platform\public_review_platform.pkl
2026-01-27 15:26:51,449 - INFO - Success: regional_sales -> D:\MVP-SQL\output\bird\regional_sales\regional_sales.pkl
2026-01-27 15:26:51,519 - INFO - Success: restaurant -> D:\MVP-SQL\output\bird\restaurant\restaurant.pkl
2026-01-27 15:27:03,214 - INFO - Success: retails -> D:\MVP-SQL\output\bird\retails\retails.pkl
2026-01-27 15:27:04,105 - INFO - Success: retail_complains -> D:\MVP-SQL\output\bird\retail_complains\retail_complains.pkl
2026-01-27 15:27:04,122 - INFO - Success: retail_world -> D:\MVP-SQL\output\bird\retail_world\retail_world.pkl
2026-01-27 15:27:04,661 - INFO - Success: sales -> D:\MVP-SQL\output\bird\sales\sales.pkl
2026-01-27 15:27:10,280 - INFO - Success: sales_in_weather -> D:\MVP-SQL\output\bird\sales_in_weather\sales_in_weather.pkl
2026-01-27 15:27:10,440 - INFO - Success: shakespeare -> D:\MVP-SQL\output\bird\shakespeare\shakespeare.pkl
2026-01-27 15:27:10,457 - INFO - Success: shipping -> D:\MVP-SQL\output\bird\shipping\shipping.pkl
2026-01-27 15:27:10,472 - INFO - Success: shooting -> D:\MVP-SQL\output\bird\shooting\shooting.pkl
2026-01-27 15:27:10,507 - INFO - Success: simpson_episodes -> D:\MVP-SQL\output\bird\simpson_episodes\simpson_episodes.pkl
2026-01-27 15:27:11,723 - INFO - Success: soccer_2016 -> D:\MVP-SQL\output\bird\soccer_2016\soccer_2016.pkl
2026-01-27 15:27:14,028 - INFO - Success: social_media -> D:\MVP-SQL\output\bird\social_media\social_media.pkl
2026-01-27 15:28:40,146 - INFO - Success: software_company -> D:\MVP-SQL\output\bird\software_company\software_company.pkl
2026-01-27 15:28:40,166 - INFO - Success: student_loan -> D:\MVP-SQL\output\bird\student_loan\student_loan.pkl
2026-01-27 15:28:40,896 - INFO - Success: superstore -> D:\MVP-SQL\output\bird\superstore\superstore.pkl
2026-01-27 15:28:44,530 - INFO - Success: synthea -> D:\MVP-SQL\output\bird\synthea\synthea.pkl
2026-01-27 15:29:58,395 - INFO - Success: talkingdata -> D:\MVP-SQL\output\bird\talkingdata\talkingdata.pkl
2026-01-27 15:29:58,401 - INFO - Success: trains -> D:\MVP-SQL\output\bird\trains\trains.pkl
2026-01-27 15:29:58,488 - INFO - Success: university -> D:\MVP-SQL\output\bird\university\university.pkl
2026-01-27 15:29:58,730 - INFO - Success: video_games -> D:\MVP-SQL\output\bird\video_games\video_games.pkl
2026-01-27 15:38:12,260 - INFO - Success: works_cycles -> D:\MVP-SQL\output\bird\works_cycles\works_cycles.pkl
2026-01-27 15:38:12,288 - INFO - Success: world -> D:\MVP-SQL\output\bird\world\world.pkl
2026-01-27 15:38:34,146 - INFO - Success: world_development_indicators -> D:\MVP-SQL\output\bird\world_development_indicators\world_development_indicators.pkl
2026-01-27 15:51:11,432 - INFO - Success: aan_1 -> D:\MVP-SQL\output\spider\aan_1\aan_1.pkl
2026-01-27 15:51:11,442 - INFO - Success: academic -> D:\MVP-SQL\output\spider\academic\academic.pkl
2026-01-27 15:51:11,449 - INFO - Success: activity_1 -> D:\MVP-SQL\output\spider\activity_1\activity_1.pkl
2026-01-27 15:51:11,455 - INFO - Success: address_1 -> D:\MVP-SQL\output\spider\address_1\address_1.pkl
2026-01-27 15:51:11,480 - INFO - Success: advertising_agencies -> D:\MVP-SQL\output\spider\advertising_agencies\advertising_agencies.pkl
2026-01-27 15:51:11,488 - INFO - Success: aircraft -> D:\MVP-SQL\output\spider\aircraft\aircraft.pkl
2026-01-27 15:51:11,492 - INFO - Success: allergy_1 -> D:\MVP-SQL\output\spider\allergy_1\allergy_1.pkl
2026-01-27 15:51:11,512 - INFO - Success: apartment_rentals -> D:\MVP-SQL\output\spider\apartment_rentals\apartment_rentals.pkl
2026-01-27 15:51:11,517 - INFO - Success: architecture -> D:\MVP-SQL\output\spider\architecture\architecture.pkl
2026-01-27 15:51:11,523 - INFO - Success: art_1 -> D:\MVP-SQL\output\spider\art_1\art_1.pkl
2026-01-27 15:51:11,557 - INFO - Success: assets_maintenance -> D:\MVP-SQL\output\spider\assets_maintenance\assets_maintenance.pkl
2026-01-27 15:51:11,564 - INFO - Success: bakery_1 -> D:\MVP-SQL\output\spider\bakery_1\bakery_1.pkl
2026-01-27 15:51:18,622 - INFO - Success: baseball_1 -> D:\MVP-SQL\output\spider\baseball_1\baseball_1.pkl
2026-01-27 15:51:18,628 - INFO - Success: battle_death -> D:\MVP-SQL\output\spider\battle_death\battle_death.pkl
2026-01-27 15:51:18,633 - INFO - Success: bbc_channels -> D:\MVP-SQL\output\spider\bbc_channels\bbc_channels.pkl
2026-01-27 15:51:18,673 - INFO - Success: behavior_monitoring -> D:\MVP-SQL\output\spider\behavior_monitoring\behavior_monitoring.pkl
2026-01-27 15:51:18,845 - INFO - Success: bike_1 -> D:\MVP-SQL\output\spider\bike_1\bike_1.pkl
2026-01-27 15:51:18,850 - INFO - Success: bike_racing -> D:\MVP-SQL\output\spider\bike_racing\bike_racing.pkl
2026-01-27 15:51:18,853 - INFO - Success: boat_1 -> D:\MVP-SQL\output\spider\boat_1\boat_1.pkl
2026-01-27 15:51:18,858 - INFO - Success: body_builder -> D:\MVP-SQL\output\spider\body_builder\body_builder.pkl
2026-01-27 15:51:18,864 - INFO - Success: book_1 -> D:\MVP-SQL\output\spider\book_1\book_1.pkl
2026-01-27 15:51:18,868 - INFO - Success: book_2 -> D:\MVP-SQL\output\spider\book_2\book_2.pkl
2026-01-27 15:51:18,873 - INFO - Success: book_press -> D:\MVP-SQL\output\spider\book_press\book_press.pkl
2026-01-27 15:51:18,878 - INFO - Success: book_review -> D:\MVP-SQL\output\spider\book_review\book_review.pkl
2026-01-27 15:51:18,882 - INFO - Success: browser_web -> D:\MVP-SQL\output\spider\browser_web\browser_web.pkl
2026-01-27 15:51:18,886 - INFO - Success: candidate_poll -> D:\MVP-SQL\output\spider\candidate_poll\candidate_poll.pkl
2026-01-27 15:51:18,897 - INFO - Success: car_1 -> D:\MVP-SQL\output\spider\car_1\car_1.pkl
2026-01-27 15:51:18,904 - INFO - Success: car_racing -> D:\MVP-SQL\output\spider\car_racing\car_racing.pkl
2026-01-27 15:51:18,909 - INFO - Success: car_road_race -> D:\MVP-SQL\output\spider\car_road_race\car_road_race.pkl
2026-01-27 15:51:19,053 - INFO - Success: chinook_1 -> D:\MVP-SQL\output\spider\chinook_1\chinook_1.pkl
2026-01-27 15:51:19,059 - INFO - Success: cinema -> D:\MVP-SQL\output\spider\cinema\cinema.pkl
2026-01-27 15:51:19,075 - INFO - Success: city_record -> D:\MVP-SQL\output\spider\city_record\city_record.pkl
2026-01-27 15:51:19,080 - INFO - Success: climbing -> D:\MVP-SQL\output\spider\climbing\climbing.pkl
2026-01-27 15:51:19,085 - INFO - Success: club_1 -> D:\MVP-SQL\output\spider\club_1\club_1.pkl
2026-01-27 15:51:19,090 - INFO - Success: club_leader -> D:\MVP-SQL\output\spider\club_leader\club_leader.pkl
2026-01-27 15:51:19,096 - INFO - Success: coffee_shop -> D:\MVP-SQL\output\spider\coffee_shop\coffee_shop.pkl
2026-01-27 15:51:19,110 - INFO - Success: college_1 -> D:\MVP-SQL\output\spider\college_1\college_1.pkl
2026-01-27 15:51:19,313 - INFO - Success: college_2 -> D:\MVP-SQL\output\spider\college_2\college_2.pkl
2026-01-27 15:51:19,326 - INFO - Success: college_3 -> D:\MVP-SQL\output\spider\college_3\college_3.pkl
2026-01-27 15:51:19,333 - INFO - Success: company_1 -> D:\MVP-SQL\output\spider\company_1\company_1.pkl
2026-01-27 15:51:19,338 - INFO - Success: company_employee -> D:\MVP-SQL\output\spider\company_employee\company_employee.pkl
2026-01-27 15:51:19,344 - INFO - Success: company_office -> D:\MVP-SQL\output\spider\company_office\company_office.pkl
2026-01-27 15:51:19,351 - INFO - Success: concert_singer -> D:\MVP-SQL\output\spider\concert_singer\concert_singer.pkl
2026-01-27 15:51:19,357 - INFO - Success: conference -> D:\MVP-SQL\output\spider\conference\conference.pkl
2026-01-27 15:51:19,362 - INFO - Success: country_language -> D:\MVP-SQL\output\spider\country_language\country_language.pkl
2026-01-27 15:51:19,368 - INFO - Success: county_public_safety -> D:\MVP-SQL\output\spider\county_public_safety\county_public_safety.pkl
2026-01-27 15:51:19,372 - INFO - Success: course_teach -> D:\MVP-SQL\output\spider\course_teach\course_teach.pkl
2026-01-27 15:51:19,381 - INFO - Success: cre_Docs_and_Epenses -> D:\MVP-SQL\output\spider\cre_Docs_and_Epenses\cre_Docs_and_Epenses.pkl
2026-01-27 15:51:19,388 - INFO - Success: cre_Doc_and_collections -> D:\MVP-SQL\output\spider\cre_Doc_and_collections\cre_Doc_and_collections.pkl
2026-01-27 15:51:19,403 - INFO - Success: cre_Doc_Control_Systems -> D:\MVP-SQL\output\spider\cre_Doc_Control_Systems\cre_Doc_Control_Systems.pkl
2026-01-27 15:51:19,415 - INFO - Success: cre_Doc_Template_Mgt -> D:\MVP-SQL\output\spider\cre_Doc_Template_Mgt\cre_Doc_Template_Mgt.pkl
2026-01-27 15:51:19,441 - INFO - Success: cre_Doc_Tracking_DB -> D:\MVP-SQL\output\spider\cre_Doc_Tracking_DB\cre_Doc_Tracking_DB.pkl
2026-01-27 15:51:19,453 - INFO - Success: cre_Doc_Workflow -> D:\MVP-SQL\output\spider\cre_Doc_Workflow\cre_Doc_Workflow.pkl
2026-01-27 15:51:19,501 - INFO - Success: cre_Drama_Workshop_Groups -> D:\MVP-SQL\output\spider\cre_Drama_Workshop_Groups\cre_Drama_Workshop_Groups.pkl
2026-01-27 15:51:19,562 - INFO - Success: cre_Students_Information_Systems -> D:\MVP-SQL\output\spider\cre_Students_Information_Systems\cre_Students_Information_Systems.pkl
2026-01-27 15:51:19,582 - INFO - Success: cre_Theme_park -> D:\MVP-SQL\output\spider\cre_Theme_park\cre_Theme_park.pkl
2026-01-27 15:51:19,595 - INFO - Success: csu_1 -> D:\MVP-SQL\output\spider\csu_1\csu_1.pkl
2026-01-27 15:51:19,601 - INFO - Success: culture_company -> D:\MVP-SQL\output\spider\culture_company\culture_company.pkl
2026-01-27 15:51:19,627 - INFO - Success: customers_and_addresses -> D:\MVP-SQL\output\spider\customers_and_addresses\customers_and_addresses.pkl
2026-01-27 15:51:19,652 - INFO - Success: customers_and_invoices -> D:\MVP-SQL\output\spider\customers_and_invoices\customers_and_invoices.pkl
2026-01-27 15:51:19,661 - INFO - Success: customers_and_orders -> D:\MVP-SQL\output\spider\customers_and_orders\customers_and_orders.pkl
2026-01-27 15:51:19,679 - INFO - Success: customers_and_products_contacts -> D:\MVP-SQL\output\spider\customers_and_products_contacts\customers_and_products_contacts.pkl
2026-01-27 15:51:19,711 - INFO - Success: customers_campaigns_ecommerce -> D:\MVP-SQL\output\spider\customers_campaigns_ecommerce\customers_campaigns_ecommerce.pkl
2026-01-27 15:51:19,726 - INFO - Success: customers_card_transactions -> D:\MVP-SQL\output\spider\customers_card_transactions\customers_card_transactions.pkl
2026-01-27 15:51:19,740 - INFO - Success: customer_complaints -> D:\MVP-SQL\output\spider\customer_complaints\customer_complaints.pkl
2026-01-27 15:51:19,767 - INFO - Success: customer_deliveries -> D:\MVP-SQL\output\spider\customer_deliveries\customer_deliveries.pkl
2026-01-27 15:51:19,772 - INFO - Success: debate -> D:\MVP-SQL\output\spider\debate\debate.pkl
2026-01-27 15:51:19,777 - INFO - Success: decoration_competition -> D:\MVP-SQL\output\spider\decoration_competition\decoration_competition.pkl
2026-01-27 15:51:19,781 - INFO - Success: department_management -> D:\MVP-SQL\output\spider\department_management\department_management.pkl
2026-01-27 15:51:19,817 - INFO - Success: department_store -> D:\MVP-SQL\output\spider\department_store\department_store.pkl
2026-01-27 15:51:19,822 - INFO - Success: device -> D:\MVP-SQL\output\spider\device\device.pkl
2026-01-27 15:51:19,827 - INFO - Success: district_spokesman -> D:\MVP-SQL\output\spider\district_spokesman\district_spokesman.pkl
2026-01-27 15:51:19,836 - INFO - Success: document_management -> D:\MVP-SQL\output\spider\document_management\document_management.pkl
2026-01-27 15:51:19,862 - INFO - Success: dog_kennels -> D:\MVP-SQL\output\spider\dog_kennels\dog_kennels.pkl
2026-01-27 15:51:19,867 - INFO - Success: dorm_1 -> D:\MVP-SQL\output\spider\dorm_1\dorm_1.pkl
2026-01-27 15:51:19,895 - INFO - Success: driving_school -> D:\MVP-SQL\output\spider\driving_school\driving_school.pkl
2026-01-27 15:51:19,900 - INFO - Success: election -> D:\MVP-SQL\output\spider\election\election.pkl
2026-01-27 15:51:19,904 - INFO - Success: election_representative -> D:\MVP-SQL\output\spider\election_representative\election_representative.pkl
2026-01-27 15:51:19,910 - INFO - Success: employee_hire_evaluation -> D:\MVP-SQL\output\spider\employee_hire_evaluation\employee_hire_evaluation.pkl
2026-01-27 15:51:19,913 - INFO - Success: entertainment_awards -> D:\MVP-SQL\output\spider\entertainment_awards\entertainment_awards.pkl
2026-01-27 15:51:19,917 - INFO - Success: entrepreneur -> D:\MVP-SQL\output\spider\entrepreneur\entrepreneur.pkl
2026-01-27 15:51:19,921 - INFO - Success: epinions_1 -> D:\MVP-SQL\output\spider\epinions_1\epinions_1.pkl
2026-01-27 15:51:19,939 - INFO - Success: e_commerce -> D:\MVP-SQL\output\spider\e_commerce\e_commerce.pkl
2026-01-27 15:51:19,973 - INFO - Success: e_government -> D:\MVP-SQL\output\spider\e_government\e_government.pkl
2026-01-27 15:51:19,999 - INFO - Success: e_learning -> D:\MVP-SQL\output\spider\e_learning\e_learning.pkl
2026-01-27 15:51:20,005 - INFO - Success: farm -> D:\MVP-SQL\output\spider\farm\farm.pkl
2026-01-27 15:51:20,010 - INFO - Success: film_rank -> D:\MVP-SQL\output\spider\film_rank\film_rank.pkl
2026-01-27 15:51:20,025 - INFO - Success: flight_1 -> D:\MVP-SQL\output\spider\flight_1\flight_1.pkl
2026-01-27 15:51:20,034 - INFO - Success: flight_2 -> D:\MVP-SQL\output\spider\flight_2\flight_2.pkl
2026-01-27 15:51:20,443 - INFO - Success: flight_4 -> D:\MVP-SQL\output\spider\flight_4\flight_4.pkl
2026-01-27 15:51:20,450 - INFO - Success: flight_company -> D:\MVP-SQL\output\spider\flight_company\flight_company.pkl
2026-01-27 15:51:20,994 - INFO - Success: formula_1 -> D:\MVP-SQL\output\spider\formula_1\formula_1.pkl
2026-01-27 15:51:21,000 - INFO - Success: game_1 -> D:\MVP-SQL\output\spider\game_1\game_1.pkl
2026-01-27 15:51:21,006 - INFO - Success: game_injury -> D:\MVP-SQL\output\spider\game_injury\game_injury.pkl
2026-01-27 15:51:21,011 - INFO - Success: gas_company -> D:\MVP-SQL\output\spider\gas_company\gas_company.pkl
2026-01-27 15:51:21,018 - INFO - Success: geo -> D:\MVP-SQL\output\spider\geo\geo.pkl
2026-01-27 15:51:21,024 - INFO - Success: government_shift -> D:\MVP-SQL\output\spider\government_shift\government_shift.pkl
2026-01-27 15:51:21,029 - INFO - Success: gymnast -> D:\MVP-SQL\output\spider\gymnast\gymnast.pkl
2026-01-27 15:51:21,034 - INFO - Success: headphone_store -> D:\MVP-SQL\output\spider\headphone_store\headphone_store.pkl
2026-01-27 15:51:21,064 - INFO - Success: hospital_1 -> D:\MVP-SQL\output\spider\hospital_1\hospital_1.pkl
2026-01-27 15:51:21,076 - INFO - Success: hr_1 -> D:\MVP-SQL\output\spider\hr_1\hr_1.pkl
2026-01-27 15:51:21,080 - INFO - Success: icfp_1 -> D:\MVP-SQL\output\spider\icfp_1\icfp_1.pkl
2026-01-27 15:51:21,093 - INFO - Success: imdb -> D:\MVP-SQL\output\spider\imdb\imdb.pkl
2026-01-27 15:51:21,101 - INFO - Success: inn_1 -> D:\MVP-SQL\output\spider\inn_1\inn_1.pkl
2026-01-27 15:51:21,106 - INFO - Success: institution_sports -> D:\MVP-SQL\output\spider\institution_sports\institution_sports.pkl
2026-01-27 15:51:21,126 - INFO - Success: insurance_and_eClaims -> D:\MVP-SQL\output\spider\insurance_and_eClaims\insurance_and_eClaims.pkl
2026-01-27 15:51:21,133 - INFO - Success: insurance_fnol -> D:\MVP-SQL\output\spider\insurance_fnol\insurance_fnol.pkl
2026-01-27 15:51:21,142 - INFO - Success: insurance_policies -> D:\MVP-SQL\output\spider\insurance_policies\insurance_policies.pkl
2026-01-27 15:51:21,157 - INFO - Success: journal_committee -> D:\MVP-SQL\output\spider\journal_committee\journal_committee.pkl
2026-01-27 15:51:21,162 - INFO - Success: loan_1 -> D:\MVP-SQL\output\spider\loan_1\loan_1.pkl
2026-01-27 15:51:21,198 - INFO - Success: local_govt_and_lot -> D:\MVP-SQL\output\spider\local_govt_and_lot\local_govt_and_lot.pkl
2026-01-27 15:51:21,203 - INFO - Success: local_govt_in_alabama -> D:\MVP-SQL\output\spider\local_govt_in_alabama\local_govt_in_alabama.pkl
2026-01-27 15:51:21,209 - INFO - Success: local_govt_mdm -> D:\MVP-SQL\output\spider\local_govt_mdm\local_govt_mdm.pkl
2026-01-27 15:51:21,215 - INFO - Success: machine_repair -> D:\MVP-SQL\output\spider\machine_repair\machine_repair.pkl
2026-01-27 15:51:21,220 - INFO - Success: manufactory_1 -> D:\MVP-SQL\output\spider\manufactory_1\manufactory_1.pkl
2026-01-27 15:51:21,226 - INFO - Success: manufacturer -> D:\MVP-SQL\output\spider\manufacturer\manufacturer.pkl
2026-01-27 15:51:21,233 - INFO - Success: match_season -> D:\MVP-SQL\output\spider\match_season\match_season.pkl
2026-01-27 15:51:21,238 - INFO - Success: medicine_enzyme_interaction -> D:\MVP-SQL\output\spider\medicine_enzyme_interaction\medicine_enzyme_interaction.pkl
2026-01-27 15:51:21,243 - INFO - Success: mountain_photos -> D:\MVP-SQL\output\spider\mountain_photos\mountain_photos.pkl
2026-01-27 15:51:21,247 - INFO - Success: movie_1 -> D:\MVP-SQL\output\spider\movie_1\movie_1.pkl
2026-01-27 15:51:21,251 - INFO - Success: movie_2 -> D:\MVP-SQL\output\spider\movie_2\movie_2.pkl
2026-01-27 15:51:21,255 - INFO - Success: museum_visit -> D:\MVP-SQL\output\spider\museum_visit\museum_visit.pkl
2026-01-27 15:51:21,259 - INFO - Success: musical -> D:\MVP-SQL\output\spider\musical\musical.pkl
2026-01-27 15:51:21,266 - INFO - Success: music_1 -> D:\MVP-SQL\output\spider\music_1\music_1.pkl
2026-01-27 15:51:21,273 - INFO - Success: music_2 -> D:\MVP-SQL\output\spider\music_2\music_2.pkl
2026-01-27 15:51:21,278 - INFO - Success: music_4 -> D:\MVP-SQL\output\spider\music_4\music_4.pkl
2026-01-27 15:51:21,282 - INFO - Success: network_1 -> D:\MVP-SQL\output\spider\network_1\network_1.pkl
2026-01-27 15:51:21,285 - INFO - Success: network_2 -> D:\MVP-SQL\output\spider\network_2\network_2.pkl
2026-01-27 15:51:21,291 - INFO - Success: news_report -> D:\MVP-SQL\output\spider\news_report\news_report.pkl
2026-01-27 15:51:21,304 - INFO - Success: online_exams -> D:\MVP-SQL\output\spider\online_exams\online_exams.pkl
2026-01-27 15:51:21,311 - INFO - Success: orchestra -> D:\MVP-SQL\output\spider\orchestra\orchestra.pkl
2026-01-27 15:51:21,315 - INFO - Success: party_host -> D:\MVP-SQL\output\spider\party_host\party_host.pkl
2026-01-27 15:51:21,321 - INFO - Success: party_people -> D:\MVP-SQL\output\spider\party_people\party_people.pkl
2026-01-27 15:51:21,325 - INFO - Success: performance_attendance -> D:\MVP-SQL\output\spider\performance_attendance\performance_attendance.pkl
2026-01-27 15:51:21,329 - INFO - Success: perpetrator -> D:\MVP-SQL\output\spider\perpetrator\perpetrator.pkl
2026-01-27 15:51:21,334 - INFO - Success: pets_1 -> D:\MVP-SQL\output\spider\pets_1\pets_1.pkl
2026-01-27 15:51:21,340 - INFO - Success: phone_1 -> D:\MVP-SQL\output\spider\phone_1\phone_1.pkl
2026-01-27 15:51:21,344 - INFO - Success: phone_market -> D:\MVP-SQL\output\spider\phone_market\phone_market.pkl
2026-01-27 15:51:21,347 - INFO - Success: pilot_1 -> D:\MVP-SQL\output\spider\pilot_1\pilot_1.pkl
2026-01-27 15:51:21,352 - INFO - Success: pilot_record -> D:\MVP-SQL\output\spider\pilot_record\pilot_record.pkl
2026-01-27 15:51:21,359 - INFO - Success: planet_1 -> D:\MVP-SQL\output\spider\planet_1\planet_1.pkl
2026-01-27 15:51:21,363 - INFO - Success: poker_player -> D:\MVP-SQL\output\spider\poker_player\poker_player.pkl
2026-01-27 15:51:21,390 - INFO - Success: products_for_hire -> D:\MVP-SQL\output\spider\products_for_hire\products_for_hire.pkl
2026-01-27 15:51:21,397 - INFO - Success: products_gen_characteristics -> D:\MVP-SQL\output\spider\products_gen_characteristics\products_gen_characteristics.pkl
2026-01-27 15:51:21,409 - INFO - Success: product_catalog -> D:\MVP-SQL\output\spider\product_catalog\product_catalog.pkl
2026-01-27 15:51:21,415 - INFO - Success: program_share -> D:\MVP-SQL\output\spider\program_share\program_share.pkl
2026-01-27 15:51:21,422 - INFO - Success: protein_institute -> D:\MVP-SQL\output\spider\protein_institute\protein_institute.pkl
2026-01-27 15:51:21,426 - INFO - Success: race_track -> D:\MVP-SQL\output\spider\race_track\race_track.pkl
2026-01-27 15:51:21,432 - INFO - Success: railway -> D:\MVP-SQL\output\spider\railway\railway.pkl
2026-01-27 15:51:21,449 - INFO - Success: real_estate_properties -> D:\MVP-SQL\output\spider\real_estate_properties\real_estate_properties.pkl
2026-01-27 15:51:21,480 - INFO - Success: real_estate_rentals -> D:\MVP-SQL\output\spider\real_estate_rentals\real_estate_rentals.pkl
2026-01-27 15:51:21,484 - INFO - Success: region_building -> D:\MVP-SQL\output\spider\region_building\region_building.pkl
2026-01-27 15:51:21,489 - INFO - Success: restaurants -> D:\MVP-SQL\output\spider\restaurants\restaurants.pkl
2026-01-27 15:51:21,496 - INFO - Success: restaurant_1 -> D:\MVP-SQL\output\spider\restaurant_1\restaurant_1.pkl
2026-01-27 15:51:21,501 - INFO - Success: restaurant_bills -> D:\MVP-SQL\output\spider\restaurant_bills\restaurant_bills.pkl
2026-01-27 15:51:21,509 - INFO - Success: riding_club -> D:\MVP-SQL\output\spider\riding_club\riding_club.pkl
2026-01-27 15:51:21,514 - INFO - Success: roller_coaster -> D:\MVP-SQL\output\spider\roller_coaster\roller_coaster.pkl
2026-01-27 15:51:37,407 - INFO - Success: sakila_1 -> D:\MVP-SQL\output\spider\sakila_1\sakila_1.pkl
2026-01-27 15:51:37,414 - INFO - Success: scholar -> D:\MVP-SQL\output\spider\scholar\scholar.pkl
2026-01-27 15:51:37,419 - INFO - Success: school_bus -> D:\MVP-SQL\output\spider\school_bus\school_bus.pkl
2026-01-27 15:51:37,424 - INFO - Success: school_finance -> D:\MVP-SQL\output\spider\school_finance\school_finance.pkl
2026-01-27 15:51:37,431 - INFO - Success: school_player -> D:\MVP-SQL\output\spider\school_player\school_player.pkl
2026-01-27 15:51:37,434 - INFO - Success: scientist_1 -> D:\MVP-SQL\output\spider\scientist_1\scientist_1.pkl
2026-01-27 15:51:37,438 - INFO - Success: ship_1 -> D:\MVP-SQL\output\spider\ship_1\ship_1.pkl
2026-01-27 15:51:37,443 - INFO - Success: ship_mission -> D:\MVP-SQL\output\spider\ship_mission\ship_mission.pkl
2026-01-27 15:51:37,448 - INFO - Success: shop_membership -> D:\MVP-SQL\output\spider\shop_membership\shop_membership.pkl
2026-01-27 15:51:37,451 - INFO - Success: singer -> D:\MVP-SQL\output\spider\singer\singer.pkl
2026-01-27 15:51:37,456 - INFO - Success: sing_contest -> D:\MVP-SQL\output\spider\sing_contest\sing_contest.pkl
2026-01-27 15:51:37,459 - INFO - Success: small_bank_1 -> D:\MVP-SQL\output\spider\small_bank_1\small_bank_1.pkl
2026-01-27 15:51:40,581 - INFO - Success: soccer_1 -> D:\MVP-SQL\output\spider\soccer_1\soccer_1.pkl
2026-01-27 15:51:40,586 - INFO - Success: soccer_2 -> D:\MVP-SQL\output\spider\soccer_2\soccer_2.pkl
2026-01-27 15:51:40,590 - INFO - Success: soccer_3 -> D:\MVP-SQL\output\spider\soccer_3\soccer_3.pkl
2026-01-27 15:51:40,599 - INFO - Success: solvency_ii -> D:\MVP-SQL\output\spider\solvency_ii\solvency_ii.pkl
2026-01-27 15:51:40,607 - INFO - Success: sports_competition -> D:\MVP-SQL\output\spider\sports_competition\sports_competition.pkl
2026-01-27 15:51:40,612 - INFO - Success: station_weather -> D:\MVP-SQL\output\spider\station_weather\station_weather.pkl
2026-01-27 15:51:40,764 - INFO - Success: store_1 -> D:\MVP-SQL\output\spider\store_1\store_1.pkl
2026-01-27 15:51:40,771 - INFO - Success: store_product -> D:\MVP-SQL\output\spider\store_product\store_product.pkl
2026-01-27 15:51:40,776 - INFO - Success: storm_record -> D:\MVP-SQL\output\spider\storm_record\storm_record.pkl
2026-01-27 15:51:40,780 - INFO - Success: student_1 -> D:\MVP-SQL\output\spider\student_1\student_1.pkl
2026-01-27 15:51:40,797 - INFO - Success: student_assessment -> D:\MVP-SQL\output\spider\student_assessment\student_assessment.pkl
2026-01-27 15:51:40,819 - INFO - Success: student_transcripts_tracking -> D:\MVP-SQL\output\spider\student_transcripts_tracking\student_transcripts_tracking.pkl
2026-01-27 15:51:40,825 - INFO - Success: swimming -> D:\MVP-SQL\output\spider\swimming\swimming.pkl
2026-01-27 15:51:40,829 - INFO - Success: theme_gallery -> D:\MVP-SQL\output\spider\theme_gallery\theme_gallery.pkl
2026-01-27 15:51:40,856 - INFO - Success: tracking_grants_for_research -> D:\MVP-SQL\output\spider\tracking_grants_for_research\tracking_grants_for_research.pkl
2026-01-27 15:51:40,872 - INFO - Success: tracking_orders -> D:\MVP-SQL\output\spider\tracking_orders\tracking_orders.pkl
2026-01-27 15:51:40,880 - INFO - Success: tracking_share_transactions -> D:\MVP-SQL\output\spider\tracking_share_transactions\tracking_share_transactions.pkl
2026-01-27 15:51:40,896 - INFO - Success: tracking_software_problems -> D:\MVP-SQL\output\spider\tracking_software_problems\tracking_software_problems.pkl
2026-01-27 15:51:40,901 - INFO - Success: train_station -> D:\MVP-SQL\output\spider\train_station\train_station.pkl
2026-01-27 15:51:40,907 - INFO - Success: tvshow -> D:\MVP-SQL\output\spider\tvshow\tvshow.pkl
2026-01-27 15:51:40,914 - INFO - Success: tv_shows -> D:\MVP-SQL\output\spider\tv_shows\tv_shows.pkl
2026-01-27 15:51:40,919 - INFO - Success: twitter_1 -> D:\MVP-SQL\output\spider\twitter_1\twitter_1.pkl
2026-01-27 15:51:40,925 - INFO - Success: university_basketball -> D:\MVP-SQL\output\spider\university_basketball\university_basketball.pkl
2026-01-27 15:51:40,931 - INFO - Success: university_rank -> D:\MVP-SQL\output\spider\university_rank\university_rank.pkl
2026-01-27 15:51:40,935 - INFO - Success: vehicle_driver -> D:\MVP-SQL\output\spider\vehicle_driver\vehicle_driver.pkl
2026-01-27 15:51:40,941 - INFO - Success: vehicle_rent -> D:\MVP-SQL\output\spider\vehicle_rent\vehicle_rent.pkl
2026-01-27 15:51:40,947 - INFO - Success: video_game -> D:\MVP-SQL\output\spider\video_game\video_game.pkl
2026-01-27 15:51:40,952 - INFO - Success: voter_1 -> D:\MVP-SQL\output\spider\voter_1\voter_1.pkl
2026-01-27 15:51:40,959 - INFO - Success: voter_2 -> D:\MVP-SQL\output\spider\voter_2\voter_2.pkl
2026-01-27 15:51:40,963 - INFO - Success: warehouse_1 -> D:\MVP-SQL\output\spider\warehouse_1\warehouse_1.pkl
2026-01-27 15:51:40,968 - INFO - Success: wedding -> D:\MVP-SQL\output\spider\wedding\wedding.pkl
2026-01-27 15:51:40,980 - INFO - Success: wine_1 -> D:\MVP-SQL\output\spider\wine_1\wine_1.pkl
2026-01-27 15:51:40,984 - INFO - Success: workshop_paper -> D:\MVP-SQL\output\spider\workshop_paper\workshop_paper.pkl
2026-01-27 15:51:41,017 - INFO - Success: world_1 -> D:\MVP-SQL\output\spider\world_1\world_1.pkl
2026-01-27 15:51:41,023 - INFO - Success: wrestler -> D:\MVP-SQL\output\spider\wrestler\wrestler.pkl
2026-01-27 15:52:01,542 - INFO - Success: wta_1 -> D:\MVP-SQL\output\spider\wta_1\wta_1.pkl
2026-01-27 15:52:01,551 - INFO - Success: yelp -> D:\MVP-SQL\output\spider\yelp\yelp.pkl
